<?xml version="1.0" encoding="UTF-8"?>
<!-- Generated by org.testng.reporters.JUnitReportReporter -->
<testsuite hostname="DESKTOP-J1HRN7R" failures="0" tests="4" name="testNGDemo.TestClass_2" time="0.010" errors="0" timestamp="2022-04-16T14:24:48 EDT" skipped="0">
  <testcase classname="testNGDemo.TestClass_2" name="test2" time="0.007"/>
  <system-out/>
  <testcase classname="testNGDemo.TestClass_2" name="test6" time="0.001"/>
  <system-out/>
  <testcase classname="testNGDemo.TestClass_2" name="test3" time="0.001"/>
  <system-out/>
  <testcase classname="testNGDemo.TestClass_2" name="test4" time="0.001"/>
  <system-out/>
</testsuite> <!-- testNGDemo.TestClass_2 -->
