<?xml version="1.0" encoding="UTF-8"?>
<!-- Generated by org.testng.reporters.JUnitReportReporter -->
<testsuite hostname="DESKTOP-J1HRN7R" failures="0" tests="4" name="testNGDemo.TestClass" time="0.005" errors="0" timestamp="2022-04-13T17:09:57 EDT" skipped="0">
  <testcase classname="testNGDemo.TestClass" name="test2" time="0.000"/>
  <system-out/>
  <testcase classname="testNGDemo.TestClass" name="test2" time="0.002"/>
  <system-out/>
  <testcase classname="testNGDemo.TestClass" name="test1" time="0.002"/>
  <system-out/>
  <testcase classname="testNGDemo.TestClass" name="test1" time="0.001"/>
  <system-out/>
</testsuite> <!-- testNGDemo.TestClass -->
