<?xml version="1.0" encoding="UTF-8"?>
<!-- Generated by org.testng.reporters.JUnitReportReporter -->
<testsuite hostname="DESKTOP-J1HRN7R" failures="0" tests="1" name="testNGDemo.Test_TestNG" time="1.802" errors="0" timestamp="2022-04-13T17:09:57 EDT" skipped="0">
  <testcase classname="testNGDemo.Test_TestNG" name="createACC" time="1.802"/>
  <system-out/>
</testsuite> <!-- testNGDemo.Test_TestNG -->
